2025-04-20 16:51:48 - IP: N/A -Username: admin - Status: SUCCESS
2025-04-22 03:31:34 - IP: N/A -Username: admin - Status: SUCCESS
2025-04-22 04:17:30 - IP: N/A -Username: admin - Status: SUCCESS
2025-04-22 05:28:23 - IP: N/A -Username: admin - Status: SUCCESS
2025-04-22 05:33:03 - IP: N/A -Username: admin - Status: SUCCESS
2025-04-22 05:33:30 - IP: N/A -Username: admin - Status: ERROR: HTTPConnectionPool(host='localhost', port=5000): Max retries exceeded with url: /login (Caused by NewConnectionError('<urllib3.connection.HTTPConnection object at 0x0000019A25FC8440>: Failed to establish a new connection: [WinError 10061] No connection could be made because the target machine actively refused it'))
2025-04-22 05:39:04 - IP: N/A -Username: username - Status: SUCCESS
2025-04-22 05:41:21 - IP: N/A -Username: username - Status: SUCCESS
2025-04-22 06:47:30 - IP: N/A -Username: username - Status: FAILURE
2025-04-22 06:53:21 - IP: N/A -Username: admin - Status: FAILURE
2025-04-22 08:07:21 - IP: N/A -Username: admin - Status: SUCCESS
2025-04-22 17:03:21 - IP: N/A -Username: admin - Status: SUCCESS
2025-04-22 17:05:23 - IP: N/A -Username: admin - Status: SUCCESS
2025-04-22 17:06:52 - IP: N/A -Username: username - Status: SUCCESS
2025-04-22 17:07:53 - IP: N/A -Username: admin - Status: SUCCESS
2025-04-22 17:08:43 - IP: N/A -Username: admin - Status: SUCCESS
2025-04-22 17:11:13 - IP: N/A -Username: admin - Status: FAILURE
2025-04-22 17:14:00 - IP: N/A -Username: admin - Status: FAILURE
2025-04-22 17:16:11 - IP: N/A -Username: admin - Status: SUCCESS
2025-04-22 17:16:20 - IP: N/A -Username: admin - Status: SUCCESS
2025-04-22 17:16:28 - IP: N/A -Username: admin - Status: SUCCESS
2025-04-22 17:16:38 - IP: N/A -Username: admin - Status: SUCCESS
2025-04-22 17:16:44 - IP: N/A -Username: admin - Status: FAILURE
2025-04-22 17:20:48 - IP: N/A -Username: admin - Status: SUCCESS
2025-04-22 17:21:23 - IP: N/A -Username: admin - Status: SUCCESS
2025-04-22 17:21:53 - IP: N/A -Username: admin - Status: FAILURE
2025-04-22 17:23:18 - IP: N/A -Username: admin - Status: FAILURE
2025-04-22 17:27:05 - IP: N/A -Username: admin - Status: SUCCESS
2025-04-22 17:27:13 - IP: N/A -Username: admin - Status: SUCCESS
2025-04-22 17:28:17 - IP: N/A -Username: admin - Status: FAILURE
2025-04-22 17:28:23 - IP: N/A -Username: admin - Status: FAILURE
2025-04-22 17:28:28 - IP: N/A -Username: admin - Status: FAILURE
2025-04-22 17:28:33 - IP: N/A -Username: admin - Status: FAILURE
2025-04-22 17:28:39 - IP: N/A -Username: admin - Status: FAILURE
2025-04-22 17:28:44 - IP: N/A -Username: admin - Status: FAILURE
2025-04-23 06:30:17 - IP: N/A -Username: admin - Status: FAILURE
2025-04-23 06:33:50 - IP: N/A -Username: admin - Status: FAILURE
2025-04-23 06:35:47 - IP: N/A -Username: admin - Status: FAILURE
2025-04-23 06:43:40 - IP: N/A -Username: admin - Status: SUCCESS
2025-04-23 06:44:27 - IP: N/A -Username: admin - Status: SUCCESS
2025-04-23 06:44:35 - IP: N/A -Username: admin - Status: SUCCESS
2025-04-23 06:44:43 - IP: N/A -Username: admin - Status: SUCCESS
2025-04-23 06:44:51 - IP: N/A -Username: admin - Status: SUCCESS
2025-04-23 07:01:24 - IP: N/A -Username: admin - Status: SUCCESS
2025-04-23 07:02:05 - IP: N/A -Username: admin - Status: SUCCESS
2025-04-23 07:12:11 - IP: N/A -Username: admin - Status: SUCCESS
2025-04-23 07:12:27 - IP: N/A -Username: admin - Status: SUCCESS
2025-04-23 07:12:35 - IP: N/A -Username: admin - Status: SUCCESS
2025-04-23 07:12:42 - IP: N/A -Username: admin - Status: SUCCESS
2025-04-23 07:12:51 - IP: N/A -Username: admin - Status: SUCCESS
2025-04-23 07:18:36 - IP: N/A -Username: admin - Status: SUCCESS
2025-04-23 07:18:44 - IP: N/A -Username: admin - Status: SUCCESS
2025-04-23 07:18:52 - IP: N/A -Username: admin - Status: SUCCESS
2025-04-23 07:19:00 - IP: N/A -Username: admin - Status: SUCCESS
2025-04-23 07:19:07 - IP: N/A -Username: admin - Status: SUCCESS
2025-04-23 07:19:12 - IP: N/A -Username: admin - Status: FAILURE
2025-04-23 07:32:46 - IP: N/A -Username: admin - Status: SUCCESS
2025-04-23 07:35:38 - IP: N/A -Username: admin - Status: SUCCESS
2025-04-23 07:35:53 - IP: N/A -Username: admin - Status: SUCCESS
2025-04-23 07:36:06 - IP: N/A -Username: admin - Status: SUCCESS
2025-04-23 07:36:17 - IP: N/A -Username: admin - Status: SUCCESS
2025-04-23 07:36:25 - IP: N/A -Username: admin - Status: FAILURE
2025-04-23 08:58:34 - IP: N/A -Username: admin - Status: SUCCESS
2025-04-23 08:58:54 - IP: N/A -Username: admin - Status: SUCCESS
2025-04-23 08:59:06 - IP: N/A -Username: admin - Status: SUCCESS
2025-04-23 08:59:15 - IP: N/A -Username: admin - Status: SUCCESS
2025-04-23 08:59:29 - IP: N/A -Username: admin - Status: SUCCESS
